# JRE version: Java(TM) SE Runtime Environment (8.0_181-b13) (build 1.8.0_181-b13)
# Java VM: Java HotSpot(TM) 64-Bit Server VM (25.181-b13 mixed mode linux-amd64 compressed oops)
Heap:
 PSYoungGen      total 449536K, used 29116K [0x00000000d6e00000, 0x0000000100000000, 0x0000000100000000)
  eden space 225280K, 0% used [0x00000000d6e00000,0x00000000d6e00000,0x00000000e4a00000)
  from space 224256K, 12% used [0x00000000f2500000,0x00000000f416f368,0x0000000100000000)
  to   space 224256K, 0% used [0x00000000e4a00000,0x00000000e4a00000,0x00000000f2500000)
 ParOldGen       total 1081344K, used 1081137K [0x0000000084a00000, 0x00000000c6a00000, 0x00000000d6e00000)
  object space 1081344K, 99% used [0x0000000084a00000,0x00000000c69cc618,0x00000000c6a00000)
 Metaspace       used 71515K, capacity 72450K, committed 72704K, reserved 1112064K
  class space    used 10450K, capacity 10668K, committed 10752K, reserved 1048576K
GC Heap History (10 events):
Event: 28.478 GC heap after
Heap after GC invocations=50 (full 8):
 PSYoungGen      total 502784K, used 58320K [0x00000000d6e00000, 0x00000000ffa80000, 0x0000000100000000)
  eden space 329728K, 0% used [0x00000000d6e00000,0x00000000d6e00000,0x00000000eb000000)
  from space 173056K, 33% used [0x00000000f5000000,0x00000000f88f40b8,0x00000000ff900000)
  to   space 163840K, 0% used [0x00000000eb000000,0x00000000eb000000,0x00000000f5000000)
 ParOldGen       total 1081344K, used 889967K [0x0000000084a00000, 0x00000000c6a00000, 0x00000000d6e00000)
  object space 1081344K, 82% used [0x0000000084a00000,0x00000000baf1beb0,0x00000000c6a00000)
 Metaspace       used 71515K, capacity 72450K, committed 72704K, reserved 1112064K
  class space    used 10450K, capacity 10668K, committed 10752K, reserved 1048576K
}
Event: 28.603 GC heap before
{Heap before GC invocations=51 (full 8):
 PSYoungGen      total 502784K, used 388048K [0x00000000d6e00000, 0x00000000ffa80000, 0x0000000100000000)
  eden space 329728K, 100% used [0x00000000d6e00000,0x00000000eb000000,0x00000000eb000000)
  from space 173056K, 33% used [0x00000000f5000000,0x00000000f88f40b8,0x00000000ff900000)
  to   space 163840K, 0% used [0x00000000eb000000,0x00000000eb000000,0x00000000f5000000)
 ParOldGen       total 1081344K, used 889967K [0x0000000084a00000, 0x00000000c6a00000, 0x00000000d6e00000)
  object space 1081344K, 82% used [0x0000000084a00000,0x00000000baf1beb0,0x00000000c6a00000)
 Metaspace       used 71515K, capacity 72450K, committed 72704K, reserved 1112064K
  class space    used 10450K, capacity 10668K, committed 10752K, reserved 1048576K
Event: 28.645 GC heap after
Heap after GC invocations=51 (full 8):
 PSYoungGen      total 491008K, used 161097K [0x00000000d6e00000, 0x0000000100000000, 0x0000000100000000)
  eden space 329728K, 0% used [0x00000000d6e00000,0x00000000d6e00000,0x00000000eb000000)
  from space 161280K, 99% used [0x00000000eb000000,0x00000000f4d52400,0x00000000f4d80000)
  to   space 182784K, 0% used [0x00000000f4d80000,0x00000000f4d80000,0x0000000100000000)
 ParOldGen       total 1081344K, used 889967K [0x0000000084a00000, 0x00000000c6a00000, 0x00000000d6e00000)
  object space 1081344K, 82% used [0x0000000084a00000,0x00000000baf1beb0,0x00000000c6a00000)
 Metaspace       used 71515K, capacity 72450K, committed 72704K, reserved 1112064K
  class space    used 10450K, capacity 10668K, committed 10752K, reserved 1048576K
}
Event: 29.110 GC heap before
{Heap before GC invocations=52 (full 8):
 PSYoungGen      total 491008K, used 490825K [0x00000000d6e00000, 0x0000000100000000, 0x0000000100000000)
  eden space 329728K, 100% used [0x00000000d6e00000,0x00000000eb000000,0x00000000eb000000)
  from space 161280K, 99% used [0x00000000eb000000,0x00000000f4d52400,0x00000000f4d80000)
  to   space 182784K, 0% used [0x00000000f4d80000,0x00000000f4d80000,0x0000000100000000)
 ParOldGen       total 1081344K, used 889967K [0x0000000084a00000, 0x00000000c6a00000, 0x00000000d6e00000)
  object space 1081344K, 82% used [0x0000000084a00000,0x00000000baf1beb0,0x00000000c6a00000)
 Metaspace       used 71515K, capacity 72450K, committed 72704K, reserved 1112064K
  class space    used 10450K, capacity 10668K, committed 10752K, reserved 1048576K
Event: 29.202 GC heap after
Heap after GC invocations=52 (full 8):
 PSYoungGen      total 408064K, used 182753K [0x00000000d6e00000, 0x0000000100000000, 0x0000000100000000)
  eden space 225280K, 0% used [0x00000000d6e00000,0x00000000d6e00000,0x00000000e4a00000)
  from space 182784K, 99% used [0x00000000f4d80000,0x00000000ffff8678,0x0000000100000000)
  to   space 224256K, 0% used [0x00000000e4a00000,0x00000000e4a00000,0x00000000f2500000)
 ParOldGen       total 1081344K, used 959741K [0x0000000084a00000, 0x00000000c6a00000, 0x00000000d6e00000)
  object space 1081344K, 88% used [0x0000000084a00000,0x00000000bf33f628,0x00000000c6a00000)
 Metaspace       used 71515K, capacity 72450K, committed 72704K, reserved 1112064K
  class space    used 10450K, capacity 10668K, committed 10752K, reserved 1048576K
}
Event: 29.485 GC heap before
{Heap before GC invocations=53 (full 8):
 PSYoungGen      total 408064K, used 408033K [0x00000000d6e00000, 0x0000000100000000, 0x0000000100000000)
  eden space 225280K, 100% used [0x00000000d6e00000,0x00000000e4a00000,0x00000000e4a00000)
  from space 182784K, 99% used [0x00000000f4d80000,0x00000000ffff8678,0x0000000100000000)
  to   space 224256K, 0% used [0x00000000e4a00000,0x00000000e4a00000,0x00000000f2500000)
 ParOldGen       total 1081344K, used 959741K [0x0000000084a00000, 0x00000000c6a00000, 0x00000000d6e00000)
  object space 1081344K, 88% used [0x0000000084a00000,0x00000000bf33f628,0x00000000c6a00000)
 Metaspace       used 71515K, capacity 72450K, committed 72704K, reserved 1112064K
  class space    used 10450K, capacity 10668K, committed 10752K, reserved 1048576K
Event: 29.556 GC heap after
Heap after GC invocations=53 (full 8):
 PSYoungGen      total 449536K, used 199259K [0x00000000d6e00000, 0x0000000100000000, 0x0000000100000000)
  eden space 225280K, 0% used [0x00000000d6e00000,0x00000000d6e00000,0x00000000e4a00000)
  from space 224256K, 88% used [0x00000000e4a00000,0x00000000f0c96cd0,0x00000000f2500000)
  to   space 224256K, 0% used [0x00000000f2500000,0x00000000f2500000,0x0000000100000000)
 ParOldGen       total 1081344K, used 964700K [0x0000000084a00000, 0x00000000c6a00000, 0x00000000d6e00000)
  object space 1081344K, 89% used [0x0000000084a00000,0x00000000bf817240,0x00000000c6a00000)
 Metaspace       used 71515K, capacity 72450K, committed 72704K, reserved 1112064K
  class space    used 10450K, capacity 10668K, committed 10752K, reserved 1048576K
}
Event: 29.594 GC heap before
{Heap before GC invocations=54 (full 8):
 PSYoungGen      total 449536K, used 424539K [0x00000000d6e00000, 0x0000000100000000, 0x0000000100000000)
  eden space 225280K, 100% used [0x00000000d6e00000,0x00000000e4a00000,0x00000000e4a00000)
  from space 224256K, 88% used [0x00000000e4a00000,0x00000000f0c96cd0,0x00000000f2500000)
  to   space 224256K, 0% used [0x00000000f2500000,0x00000000f2500000,0x0000000100000000)
 ParOldGen       total 1081344K, used 964700K [0x0000000084a00000, 0x00000000c6a00000, 0x00000000d6e00000)
  object space 1081344K, 89% used [0x0000000084a00000,0x00000000bf817240,0x00000000c6a00000)
 Metaspace       used 71515K, capacity 72450K, committed 72704K, reserved 1112064K
  class space    used 10450K, capacity 10668K, committed 10752K, reserved 1048576K
Event: 29.683 GC heap after
Heap after GC invocations=54 (full 8):
 PSYoungGen      total 449536K, used 146033K [0x00000000d6e00000, 0x0000000100000000, 0x0000000100000000)
  eden space 225280K, 0% used [0x00000000d6e00000,0x00000000d6e00000,0x00000000e4a00000)
  from space 224256K, 65% used [0x00000000f2500000,0x00000000fb39c668,0x0000000100000000)
  to   space 224256K, 0% used [0x00000000e4a00000,0x00000000e4a00000,0x00000000f2500000)
 ParOldGen       total 1081344K, used 1073041K [0x0000000084a00000, 0x00000000c6a00000, 0x00000000d6e00000)
  object space 1081344K, 99% used [0x0000000084a00000,0x00000000c61e4468,0x00000000c6a00000)
 Metaspace       used 71515K, capacity 72450K, committed 72704K, reserved 1112064K
  class space    used 10450K, capacity 10668K, committed 10752K, reserved 1048576K
}
Event: 29.683 GC heap before
{Heap before GC invocations=55 (full 9):
 PSYoungGen      total 449536K, used 146033K [0x00000000d6e00000, 0x0000000100000000, 0x0000000100000000)
  eden space 225280K, 0% used [0x00000000d6e00000,0x00000000d6e00000,0x00000000e4a00000)
  from space 224256K, 65% used [0x00000000f2500000,0x00000000fb39c668,0x0000000100000000)
  to   space 224256K, 0% used [0x00000000e4a00000,0x00000000e4a00000,0x00000000f2500000)
 ParOldGen       total 1081344K, used 1073041K [0x0000000084a00000, 0x00000000c6a00000, 0x00000000d6e00000)
  object space 1081344K, 99% used [0x0000000084a00000,0x00000000c61e4468,0x00000000c6a00000)
 Metaspace       used 71515K, capacity 72450K, committed 72704K, reserved 1112064K
  class space    used 10450K, capacity 10668K, committed 10752K, reserved 1048576K

