# JRE version: Java(TM) SE Runtime Environment (8.0_181-b13) (build 1.8.0_181-b13)
# Java VM: Java HotSpot(TM) 64-Bit Server VM (25.181-b13 mixed mode linux-amd64 compressed oops)
Heap:
 PSYoungGen      total 626688K, used 0K [0x00000000d6e00000, 0x00000000ff980000, 0x0000000100000000)
  eden space 593408K, 0% used [0x00000000d6e00000,0x00000000d6e00000,0x00000000fb180000)
  from space 33280K, 0% used [0x00000000fd900000,0x00000000fd900000,0x00000000ff980000)
  to   space 36864K, 0% used [0x00000000fb180000,0x00000000fb180000,0x00000000fd580000)
 ParOldGen       total 342016K, used 72878K [0x0000000084a00000, 0x0000000099800000, 0x00000000d6e00000)
  object space 342016K, 21% used [0x0000000084a00000,0x000000008912ba20,0x0000000099800000)
 Metaspace       used 78253K, capacity 79150K, committed 79448K, reserved 1118208K
  class space    used 10882K, capacity 11073K, committed 11136K, reserved 1048576K
GC Heap History (10 events):
Event: 204.980 GC heap after
Heap after GC invocations=396 (full 12):
 PSYoungGen      total 615424K, used 4538K [0x00000000d6e00000, 0x00000000ff880000, 0x0000000100000000)
  eden space 573952K, 0% used [0x00000000d6e00000,0x00000000d6e00000,0x00000000f9e80000)
  from space 41472K, 10% used [0x00000000fd000000,0x00000000fd46eac8,0x00000000ff880000)
  to   space 46080K, 0% used [0x00000000f9e80000,0x00000000f9e80000,0x00000000fcb80000)
 ParOldGen       total 342016K, used 307134K [0x0000000084a00000, 0x0000000099800000, 0x00000000d6e00000)
  object space 342016K, 89% used [0x0000000084a00000,0x00000000975efa48,0x0000000099800000)
 Metaspace       used 78261K, capacity 79162K, committed 79448K, reserved 1118208K
  class space    used 10883K, capacity 11075K, committed 11136K, reserved 1048576K
}
Event: 205.568 GC heap before
{Heap before GC invocations=397 (full 12):
 PSYoungGen      total 615424K, used 578490K [0x00000000d6e00000, 0x00000000ff880000, 0x0000000100000000)
  eden space 573952K, 100% used [0x00000000d6e00000,0x00000000f9e80000,0x00000000f9e80000)
  from space 41472K, 10% used [0x00000000fd000000,0x00000000fd46eac8,0x00000000ff880000)
  to   space 46080K, 0% used [0x00000000f9e80000,0x00000000f9e80000,0x00000000fcb80000)
 ParOldGen       total 342016K, used 307134K [0x0000000084a00000, 0x0000000099800000, 0x00000000d6e00000)
  object space 342016K, 89% used [0x0000000084a00000,0x00000000975efa48,0x0000000099800000)
 Metaspace       used 78261K, capacity 79162K, committed 79448K, reserved 1118208K
  class space    used 10883K, capacity 11075K, committed 11136K, reserved 1048576K
Event: 205.576 GC heap after
Heap after GC invocations=397 (full 12):
 PSYoungGen      total 620032K, used 4841K [0x00000000d6e00000, 0x00000000fff80000, 0x0000000100000000)
  eden space 573952K, 0% used [0x00000000d6e00000,0x00000000d6e00000,0x00000000f9e80000)
  from space 46080K, 10% used [0x00000000f9e80000,0x00000000fa33a430,0x00000000fcb80000)
  to   space 43520K, 0% used [0x00000000fd500000,0x00000000fd500000,0x00000000fff80000)
 ParOldGen       total 342016K, used 311166K [0x0000000084a00000, 0x0000000099800000, 0x00000000d6e00000)
  object space 342016K, 90% used [0x0000000084a00000,0x00000000979dfa78,0x0000000099800000)
 Metaspace       used 78261K, capacity 79162K, committed 79448K, reserved 1118208K
  class space    used 10883K, capacity 11075K, committed 11136K, reserved 1048576K
}
Event: 206.181 GC heap before
{Heap before GC invocations=398 (full 12):
 PSYoungGen      total 620032K, used 578793K [0x00000000d6e00000, 0x00000000fff80000, 0x0000000100000000)
  eden space 573952K, 100% used [0x00000000d6e00000,0x00000000f9e80000,0x00000000f9e80000)
  from space 46080K, 10% used [0x00000000f9e80000,0x00000000fa33a430,0x00000000fcb80000)
  to   space 43520K, 0% used [0x00000000fd500000,0x00000000fd500000,0x00000000fff80000)
 ParOldGen       total 342016K, used 311166K [0x0000000084a00000, 0x0000000099800000, 0x00000000d6e00000)
  object space 342016K, 90% used [0x0000000084a00000,0x00000000979dfa78,0x0000000099800000)
 Metaspace       used 78261K, capacity 79162K, committed 79448K, reserved 1118208K
  class space    used 10883K, capacity 11075K, committed 11136K, reserved 1048576K
Event: 206.192 GC heap after
Heap after GC invocations=398 (full 12):
 PSYoungGen      total 621568K, used 5483K [0x00000000d6e00000, 0x00000000ff980000, 0x0000000100000000)
  eden space 584192K, 0% used [0x00000000d6e00000,0x00000000d6e00000,0x00000000fa880000)
  from space 37376K, 14% used [0x00000000fd500000,0x00000000fda5afa8,0x00000000ff980000)
  to   space 41472K, 0% used [0x00000000fa880000,0x00000000fa880000,0x00000000fd100000)
 ParOldGen       total 342016K, used 315263K [0x0000000084a00000, 0x0000000099800000, 0x00000000d6e00000)
  object space 342016K, 92% used [0x0000000084a00000,0x0000000097ddff70,0x0000000099800000)
 Metaspace       used 78261K, capacity 79162K, committed 79448K, reserved 1118208K
  class space    used 10883K, capacity 11075K, committed 11136K, reserved 1048576K
}
Event: 206.779 GC heap before
{Heap before GC invocations=399 (full 12):
 PSYoungGen      total 621568K, used 589675K [0x00000000d6e00000, 0x00000000ff980000, 0x0000000100000000)
  eden space 584192K, 100% used [0x00000000d6e00000,0x00000000fa880000,0x00000000fa880000)
  from space 37376K, 14% used [0x00000000fd500000,0x00000000fda5afa8,0x00000000ff980000)
  to   space 41472K, 0% used [0x00000000fa880000,0x00000000fa880000,0x00000000fd100000)
 ParOldGen       total 342016K, used 315263K [0x0000000084a00000, 0x0000000099800000, 0x00000000d6e00000)
  object space 342016K, 92% used [0x0000000084a00000,0x0000000097ddff70,0x0000000099800000)
 Metaspace       used 78261K, capacity 79162K, committed 79448K, reserved 1118208K
  class space    used 10883K, capacity 11075K, committed 11136K, reserved 1048576K
Event: 206.783 GC heap after
Heap after GC invocations=399 (full 12):
 PSYoungGen      total 625664K, used 5257K [0x00000000d6e00000, 0x00000000fff00000, 0x0000000100000000)
  eden space 584192K, 0% used [0x00000000d6e00000,0x00000000d6e00000,0x00000000fa880000)
  from space 41472K, 12% used [0x00000000fa880000,0x00000000fada2660,0x00000000fd100000)
  to   space 38912K, 0% used [0x00000000fd900000,0x00000000fd900000,0x00000000fff00000)
 ParOldGen       total 342016K, used 319355K [0x0000000084a00000, 0x0000000099800000, 0x00000000d6e00000)
  object space 342016K, 93% used [0x0000000084a00000,0x00000000981deee0,0x0000000099800000)
 Metaspace       used 78261K, capacity 79162K, committed 79448K, reserved 1118208K
  class space    used 10883K, capacity 11075K, committed 11136K, reserved 1048576K
}
Event: 207.398 GC heap before
{Heap before GC invocations=400 (full 12):
 PSYoungGen      total 625664K, used 589449K [0x00000000d6e00000, 0x00000000fff00000, 0x0000000100000000)
  eden space 584192K, 100% used [0x00000000d6e00000,0x00000000fa880000,0x00000000fa880000)
  from space 41472K, 12% used [0x00000000fa880000,0x00000000fada2660,0x00000000fd100000)
  to   space 38912K, 0% used [0x00000000fd900000,0x00000000fd900000,0x00000000fff00000)
 ParOldGen       total 342016K, used 319355K [0x0000000084a00000, 0x0000000099800000, 0x00000000d6e00000)
  object space 342016K, 93% used [0x0000000084a00000,0x00000000981deee0,0x0000000099800000)
 Metaspace       used 78261K, capacity 79162K, committed 79448K, reserved 1118208K
  class space    used 10883K, capacity 11075K, committed 11136K, reserved 1048576K
Event: 207.408 GC heap after
Heap after GC invocations=400 (full 12):
 PSYoungGen      total 626688K, used 4712K [0x00000000d6e00000, 0x00000000ff980000, 0x0000000100000000)
  eden space 593408K, 0% used [0x00000000d6e00000,0x00000000d6e00000,0x00000000fb180000)
  from space 33280K, 14% used [0x00000000fd900000,0x00000000fdd9a070,0x00000000ff980000)
  to   space 36864K, 0% used [0x00000000fb180000,0x00000000fb180000,0x00000000fd580000)
 ParOldGen       total 342016K, used 323533K [0x0000000084a00000, 0x0000000099800000, 0x00000000d6e00000)
  object space 342016K, 94% used [0x0000000084a00000,0x00000000985f3530,0x0000000099800000)
 Metaspace       used 78261K, capacity 79162K, committed 79448K, reserved 1118208K
  class space    used 10883K, capacity 11075K, committed 11136K, reserved 1048576K
}
Event: 207.409 GC heap before
{Heap before GC invocations=401 (full 13):
 PSYoungGen      total 626688K, used 4712K [0x00000000d6e00000, 0x00000000ff980000, 0x0000000100000000)
  eden space 593408K, 0% used [0x00000000d6e00000,0x00000000d6e00000,0x00000000fb180000)
  from space 33280K, 14% used [0x00000000fd900000,0x00000000fdd9a070,0x00000000ff980000)
  to   space 36864K, 0% used [0x00000000fb180000,0x00000000fb180000,0x00000000fd580000)
 ParOldGen       total 342016K, used 323533K [0x0000000084a00000, 0x0000000099800000, 0x00000000d6e00000)
  object space 342016K, 94% used [0x0000000084a00000,0x00000000985f3530,0x0000000099800000)
 Metaspace       used 78261K, capacity 79162K, committed 79448K, reserved 1118208K
  class space    used 10883K, capacity 11075K, committed 11136K, reserved 1048576K

