# JRE version: Java(TM) SE Runtime Environment (8.0_181-b13) (build 1.8.0_181-b13)
# Java VM: Java HotSpot(TM) 64-Bit Server VM (25.181-b13 mixed mode linux-amd64 compressed oops)
Heap:
 PSYoungGen      total 449536K, used 43317K [0x00000000d6e00000, 0x0000000100000000, 0x0000000100000000)
  eden space 225280K, 0% used [0x00000000d6e00000,0x00000000d6e00000,0x00000000e4a00000)
  from space 224256K, 19% used [0x00000000e4a00000,0x00000000e744d5e0,0x00000000f2500000)
  to   space 224256K, 0% used [0x00000000f2500000,0x00000000f2500000,0x0000000100000000)
 ParOldGen       total 544256K, used 543920K [0x0000000084a00000, 0x00000000a5d80000, 0x00000000d6e00000)
  object space 544256K, 99% used [0x0000000084a00000,0x00000000a5d2c1e0,0x00000000a5d80000)
 Metaspace       used 72603K, capacity 73410K, committed 73600K, reserved 1112064K
  class space    used 10620K, capacity 10813K, committed 10880K, reserved 1048576K
GC Heap History (10 events):
Event: 29.484 GC heap after
Heap after GC invocations=31 (full 6):
 PSYoungGen      total 489472K, used 69065K [0x00000000d6e00000, 0x0000000100000000, 0x0000000100000000)
  eden space 325120K, 0% used [0x00000000d6e00000,0x00000000d6e00000,0x00000000eab80000)
  from space 164352K, 42% used [0x00000000eab80000,0x00000000eeef2400,0x00000000f4c00000)
  to   space 163328K, 0% used [0x00000000f6080000,0x00000000f6080000,0x0000000100000000)
 ParOldGen       total 544256K, used 276281K [0x0000000084a00000, 0x00000000a5d80000, 0x00000000d6e00000)
  object space 544256K, 50% used [0x0000000084a00000,0x00000000957ce540,0x00000000a5d80000)
 Metaspace       used 72561K, capacity 73346K, committed 73600K, reserved 1112064K
  class space    used 10619K, capacity 10813K, committed 10880K, reserved 1048576K
}
Event: 29.778 GC heap before
{Heap before GC invocations=32 (full 6):
 PSYoungGen      total 489472K, used 394185K [0x00000000d6e00000, 0x0000000100000000, 0x0000000100000000)
  eden space 325120K, 100% used [0x00000000d6e00000,0x00000000eab80000,0x00000000eab80000)
  from space 164352K, 42% used [0x00000000eab80000,0x00000000eeef2400,0x00000000f4c00000)
  to   space 163328K, 0% used [0x00000000f6080000,0x00000000f6080000,0x0000000100000000)
 ParOldGen       total 544256K, used 276281K [0x0000000084a00000, 0x00000000a5d80000, 0x00000000d6e00000)
  object space 544256K, 50% used [0x0000000084a00000,0x00000000957ce540,0x00000000a5d80000)
 Metaspace       used 72589K, capacity 73346K, committed 73600K, reserved 1112064K
  class space    used 10620K, capacity 10813K, committed 10880K, reserved 1048576K
Event: 29.843 GC heap after
Heap after GC invocations=32 (full 6):
 PSYoungGen      total 440832K, used 163325K [0x00000000d6e00000, 0x0000000100000000, 0x0000000100000000)
  eden space 277504K, 0% used [0x00000000d6e00000,0x00000000d6e00000,0x00000000e7d00000)
  from space 163328K, 99% used [0x00000000f6080000,0x00000000fffff578,0x0000000100000000)
  to   space 198144K, 0% used [0x00000000e7d00000,0x00000000e7d00000,0x00000000f3e80000)
 ParOldGen       total 544256K, used 280313K [0x0000000084a00000, 0x00000000a5d80000, 0x00000000d6e00000)
  object space 544256K, 51% used [0x0000000084a00000,0x0000000095bbe460,0x00000000a5d80000)
 Metaspace       used 72589K, capacity 73346K, committed 73600K, reserved 1112064K
  class space    used 10620K, capacity 10813K, committed 10880K, reserved 1048576K
}
Event: 30.378 GC heap before
{Heap before GC invocations=33 (full 6):
 PSYoungGen      total 440832K, used 440829K [0x00000000d6e00000, 0x0000000100000000, 0x0000000100000000)
  eden space 277504K, 100% used [0x00000000d6e00000,0x00000000e7d00000,0x00000000e7d00000)
  from space 163328K, 99% used [0x00000000f6080000,0x00000000fffff578,0x0000000100000000)
  to   space 198144K, 0% used [0x00000000e7d00000,0x00000000e7d00000,0x00000000f3e80000)
 ParOldGen       total 544256K, used 280313K [0x0000000084a00000, 0x00000000a5d80000, 0x00000000d6e00000)
  object space 544256K, 51% used [0x0000000084a00000,0x0000000095bbe460,0x00000000a5d80000)
 Metaspace       used 72594K, capacity 73410K, committed 73600K, reserved 1112064K
  class space    used 10620K, capacity 10813K, committed 10880K, reserved 1048576K
Event: 30.478 GC heap after
Heap after GC invocations=33 (full 6):
 PSYoungGen      total 475648K, used 198126K [0x00000000d6e00000, 0x0000000100000000, 0x0000000100000000)
  eden space 277504K, 0% used [0x00000000d6e00000,0x00000000d6e00000,0x00000000e7d00000)
  from space 198144K, 99% used [0x00000000e7d00000,0x00000000f3e7bb78,0x00000000f3e80000)
  to   space 198144K, 0% used [0x00000000f3e80000,0x00000000f3e80000,0x0000000100000000)
 ParOldGen       total 544256K, used 326633K [0x0000000084a00000, 0x00000000a5d80000, 0x00000000d6e00000)
  object space 544256K, 60% used [0x0000000084a00000,0x00000000988fa790,0x00000000a5d80000)
 Metaspace       used 72594K, capacity 73410K, committed 73600K, reserved 1112064K
  class space    used 10620K, capacity 10813K, committed 10880K, reserved 1048576K
}
Event: 30.847 GC heap before
{Heap before GC invocations=34 (full 6):
 PSYoungGen      total 475648K, used 475630K [0x00000000d6e00000, 0x0000000100000000, 0x0000000100000000)
  eden space 277504K, 100% used [0x00000000d6e00000,0x00000000e7d00000,0x00000000e7d00000)
  from space 198144K, 99% used [0x00000000e7d00000,0x00000000f3e7bb78,0x00000000f3e80000)
  to   space 198144K, 0% used [0x00000000f3e80000,0x00000000f3e80000,0x0000000100000000)
 ParOldGen       total 544256K, used 326633K [0x0000000084a00000, 0x00000000a5d80000, 0x00000000d6e00000)
  object space 544256K, 60% used [0x0000000084a00000,0x00000000988fa790,0x00000000a5d80000)
 Metaspace       used 72603K, capacity 73410K, committed 73600K, reserved 1112064K
  class space    used 10620K, capacity 10813K, committed 10880K, reserved 1048576K
Event: 30.961 GC heap after
Heap after GC invocations=34 (full 6):
 PSYoungGen      total 423424K, used 189159K [0x00000000d6e00000, 0x0000000100000000, 0x0000000100000000)
  eden space 225280K, 0% used [0x00000000d6e00000,0x00000000d6e00000,0x00000000e4a00000)
  from space 198144K, 95% used [0x00000000f3e80000,0x00000000ff739dd0,0x0000000100000000)
  to   space 224256K, 0% used [0x00000000e4a00000,0x00000000e4a00000,0x00000000f2500000)
 ParOldGen       total 544256K, used 375676K [0x0000000084a00000, 0x00000000a5d80000, 0x00000000d6e00000)
  object space 544256K, 69% used [0x0000000084a00000,0x000000009b8df0c8,0x00000000a5d80000)
 Metaspace       used 72603K, capacity 73410K, committed 73600K, reserved 1112064K
  class space    used 10620K, capacity 10813K, committed 10880K, reserved 1048576K
}
Event: 31.001 GC heap before
{Heap before GC invocations=35 (full 6):
 PSYoungGen      total 423424K, used 390555K [0x00000000d6e00000, 0x0000000100000000, 0x0000000100000000)
  eden space 225280K, 89% used [0x00000000d6e00000,0x00000000e32aced0,0x00000000e4a00000)
  from space 198144K, 95% used [0x00000000f3e80000,0x00000000ff739dd0,0x0000000100000000)
  to   space 224256K, 0% used [0x00000000e4a00000,0x00000000e4a00000,0x00000000f2500000)
 ParOldGen       total 544256K, used 375676K [0x0000000084a00000, 0x00000000a5d80000, 0x00000000d6e00000)
  object space 544256K, 69% used [0x0000000084a00000,0x000000009b8df0c8,0x00000000a5d80000)
 Metaspace       used 72603K, capacity 73410K, committed 73600K, reserved 1112064K
  class space    used 10620K, capacity 10813K, committed 10880K, reserved 1048576K
Event: 31.441 GC heap after
Heap after GC invocations=35 (full 6):
 PSYoungGen      total 449536K, used 80955K [0x00000000d6e00000, 0x0000000100000000, 0x0000000100000000)
  eden space 225280K, 0% used [0x00000000d6e00000,0x00000000d6e00000,0x00000000e4a00000)
  from space 224256K, 36% used [0x00000000e4a00000,0x00000000e990ee48,0x00000000f2500000)
  to   space 224256K, 0% used [0x00000000f2500000,0x00000000f2500000,0x0000000100000000)
 ParOldGen       total 544256K, used 521300K [0x0000000084a00000, 0x00000000a5d80000, 0x00000000d6e00000)
  object space 544256K, 95% used [0x0000000084a00000,0x00000000a4715340,0x00000000a5d80000)
 Metaspace       used 72603K, capacity 73410K, committed 73600K, reserved 1112064K
  class space    used 10620K, capacity 10813K, committed 10880K, reserved 1048576K
}
Event: 31.441 GC heap before
{Heap before GC invocations=36 (full 7):
 PSYoungGen      total 449536K, used 80955K [0x00000000d6e00000, 0x0000000100000000, 0x0000000100000000)
  eden space 225280K, 0% used [0x00000000d6e00000,0x00000000d6e00000,0x00000000e4a00000)
  from space 224256K, 36% used [0x00000000e4a00000,0x00000000e990ee48,0x00000000f2500000)
  to   space 224256K, 0% used [0x00000000f2500000,0x00000000f2500000,0x0000000100000000)
 ParOldGen       total 544256K, used 521300K [0x0000000084a00000, 0x00000000a5d80000, 0x00000000d6e00000)
  object space 544256K, 95% used [0x0000000084a00000,0x00000000a4715340,0x00000000a5d80000)
 Metaspace       used 72603K, capacity 73410K, committed 73600K, reserved 1112064K
  class space    used 10620K, capacity 10813K, committed 10880K, reserved 1048576K

