# JRE version: Java(TM) SE Runtime Environment (8.0_181-b13) (build 1.8.0_181-b13)
# Java VM: Java HotSpot(TM) 64-Bit Server VM (25.181-b13 mixed mode linux-amd64 compressed oops)
Heap:
 PSYoungGen      total 490496K, used 8284K [0x00000000d6e00000, 0x00000000fb280000, 0x0000000100000000)
  eden space 386560K, 0% used [0x00000000d6e00000,0x00000000d6e00000,0x00000000ee780000)
  from space 103936K, 7% used [0x00000000ee780000,0x00000000eef97058,0x00000000f4d00000)
  to   space 95744K, 0% used [0x00000000f5500000,0x00000000f5500000,0x00000000fb280000)
 ParOldGen       total 1347584K, used 1203379K [0x0000000084a00000, 0x00000000d6e00000, 0x00000000d6e00000)
  object space 1347584K, 89% used [0x0000000084a00000,0x00000000ce12cd50,0x00000000d6e00000)
 Metaspace       used 71554K, capacity 72456K, committed 72704K, reserved 1112064K
  class space    used 10458K, capacity 10669K, committed 10752K, reserved 1048576K
GC Heap History (10 events):
Event: 63.165 GC heap after
Heap after GC invocations=82 (full 10):
 PSYoungGen      total 479744K, used 6268K [0x00000000d6e00000, 0x00000000fd000000, 0x0000000100000000)
  eden space 358400K, 0% used [0x00000000d6e00000,0x00000000d6e00000,0x00000000ecc00000)
  from space 121344K, 5% used [0x00000000f5980000,0x00000000f5f9f058,0x00000000fd000000)
  to   space 133120K, 0% used [0x00000000ecc00000,0x00000000ecc00000,0x00000000f4e00000)
 ParOldGen       total 1347584K, used 1203363K [0x0000000084a00000, 0x00000000d6e00000, 0x00000000d6e00000)
  object space 1347584K, 89% used [0x0000000084a00000,0x00000000ce128d50,0x00000000d6e00000)
 Metaspace       used 71527K, capacity 72456K, committed 72704K, reserved 1112064K
  class space    used 10456K, capacity 10669K, committed 10752K, reserved 1048576K
}
Event: 79.781 GC heap before
{Heap before GC invocations=83 (full 10):
 PSYoungGen      total 479744K, used 364668K [0x00000000d6e00000, 0x00000000fd000000, 0x0000000100000000)
  eden space 358400K, 100% used [0x00000000d6e00000,0x00000000ecc00000,0x00000000ecc00000)
  from space 121344K, 5% used [0x00000000f5980000,0x00000000f5f9f058,0x00000000fd000000)
  to   space 133120K, 0% used [0x00000000ecc00000,0x00000000ecc00000,0x00000000f4e00000)
 ParOldGen       total 1347584K, used 1203363K [0x0000000084a00000, 0x00000000d6e00000, 0x00000000d6e00000)
  object space 1347584K, 89% used [0x0000000084a00000,0x00000000ce128d50,0x00000000d6e00000)
 Metaspace       used 71529K, capacity 72456K, committed 72704K, reserved 1112064K
  class space    used 10456K, capacity 10669K, committed 10752K, reserved 1048576K
Event: 81.070 GC heap after
Heap after GC invocations=83 (full 10):
 PSYoungGen      total 491520K, used 6493K [0x00000000d6e00000, 0x00000000fcf00000, 0x0000000100000000)
  eden space 358400K, 0% used [0x00000000d6e00000,0x00000000d6e00000,0x00000000ecc00000)
  from space 133120K, 4% used [0x00000000ecc00000,0x00000000ed257448,0x00000000f4e00000)
  to   space 125440K, 0% used [0x00000000f5480000,0x00000000f5480000,0x00000000fcf00000)
 ParOldGen       total 1347584K, used 1203363K [0x0000000084a00000, 0x00000000d6e00000, 0x00000000d6e00000)
  object space 1347584K, 89% used [0x0000000084a00000,0x00000000ce128d50,0x00000000d6e00000)
 Metaspace       used 71529K, capacity 72456K, committed 72704K, reserved 1112064K
  class space    used 10456K, capacity 10669K, committed 10752K, reserved 1048576K
}
Event: 100.095 GC heap before
{Heap before GC invocations=84 (full 10):
 PSYoungGen      total 491520K, used 364893K [0x00000000d6e00000, 0x00000000fcf00000, 0x0000000100000000)
  eden space 358400K, 100% used [0x00000000d6e00000,0x00000000ecc00000,0x00000000ecc00000)
  from space 133120K, 4% used [0x00000000ecc00000,0x00000000ed257448,0x00000000f4e00000)
  to   space 125440K, 0% used [0x00000000f5480000,0x00000000f5480000,0x00000000fcf00000)
 ParOldGen       total 1347584K, used 1203363K [0x0000000084a00000, 0x00000000d6e00000, 0x00000000d6e00000)
  object space 1347584K, 89% used [0x0000000084a00000,0x00000000ce128d50,0x00000000d6e00000)
 Metaspace       used 71531K, capacity 72456K, committed 72704K, reserved 1112064K
  class space    used 10456K, capacity 10669K, committed 10752K, reserved 1048576K
Event: 100.236 GC heap after
Heap after GC invocations=84 (full 10):
 PSYoungGen      total 478720K, used 6877K [0x00000000d6e00000, 0x00000000fbe80000, 0x0000000100000000)
  eden space 370176K, 0% used [0x00000000d6e00000,0x00000000d6e00000,0x00000000ed780000)
  from space 108544K, 6% used [0x00000000f5480000,0x00000000f5b37448,0x00000000fbe80000)
  to   space 118272K, 0% used [0x00000000ed780000,0x00000000ed780000,0x00000000f4b00000)
 ParOldGen       total 1347584K, used 1203371K [0x0000000084a00000, 0x00000000d6e00000, 0x00000000d6e00000)
  object space 1347584K, 89% used [0x0000000084a00000,0x00000000ce12ad50,0x00000000d6e00000)
 Metaspace       used 71531K, capacity 72456K, committed 72704K, reserved 1112064K
  class space    used 10456K, capacity 10669K, committed 10752K, reserved 1048576K
}
Event: 113.339 GC heap before
{Heap before GC invocations=85 (full 10):
 PSYoungGen      total 478720K, used 377053K [0x00000000d6e00000, 0x00000000fbe80000, 0x0000000100000000)
  eden space 370176K, 100% used [0x00000000d6e00000,0x00000000ed780000,0x00000000ed780000)
  from space 108544K, 6% used [0x00000000f5480000,0x00000000f5b37448,0x00000000fbe80000)
  to   space 118272K, 0% used [0x00000000ed780000,0x00000000ed780000,0x00000000f4b00000)
 ParOldGen       total 1347584K, used 1203371K [0x0000000084a00000, 0x00000000d6e00000, 0x00000000d6e00000)
  object space 1347584K, 89% used [0x0000000084a00000,0x00000000ce12ad50,0x00000000d6e00000)
 Metaspace       used 71531K, capacity 72456K, committed 72704K, reserved 1112064K
  class space    used 10456K, capacity 10669K, committed 10752K, reserved 1048576K
Event: 114.862 GC heap after
Heap after GC invocations=85 (full 10):
 PSYoungGen      total 488448K, used 7452K [0x00000000d6e00000, 0x00000000fc180000, 0x0000000100000000)
  eden space 370176K, 0% used [0x00000000d6e00000,0x00000000d6e00000,0x00000000ed780000)
  from space 118272K, 6% used [0x00000000ed780000,0x00000000edec7058,0x00000000f4b00000)
  to   space 111104K, 0% used [0x00000000f5500000,0x00000000f5500000,0x00000000fc180000)
 ParOldGen       total 1347584K, used 1203371K [0x0000000084a00000, 0x00000000d6e00000, 0x00000000d6e00000)
  object space 1347584K, 89% used [0x0000000084a00000,0x00000000ce12ad50,0x00000000d6e00000)
 Metaspace       used 71531K, capacity 72456K, committed 72704K, reserved 1112064K
  class space    used 10456K, capacity 10669K, committed 10752K, reserved 1048576K
}
Event: 130.010 GC heap before
{Heap before GC invocations=86 (full 10):
 PSYoungGen      total 488448K, used 377628K [0x00000000d6e00000, 0x00000000fc180000, 0x0000000100000000)
  eden space 370176K, 100% used [0x00000000d6e00000,0x00000000ed780000,0x00000000ed780000)
  from space 118272K, 6% used [0x00000000ed780000,0x00000000edec7058,0x00000000f4b00000)
  to   space 111104K, 0% used [0x00000000f5500000,0x00000000f5500000,0x00000000fc180000)
 ParOldGen       total 1347584K, used 1203371K [0x0000000084a00000, 0x00000000d6e00000, 0x00000000d6e00000)
  object space 1347584K, 89% used [0x0000000084a00000,0x00000000ce12ad50,0x00000000d6e00000)
 Metaspace       used 71534K, capacity 72456K, committed 72704K, reserved 1112064K
  class space    used 10456K, capacity 10669K, committed 10752K, reserved 1048576K
Event: 130.732 GC heap after
Heap after GC invocations=86 (full 10):
 PSYoungGen      total 482304K, used 7645K [0x00000000d6e00000, 0x00000000fb280000, 0x0000000100000000)
  eden space 386560K, 0% used [0x00000000d6e00000,0x00000000d6e00000,0x00000000ee780000)
  from space 95744K, 7% used [0x00000000f5500000,0x00000000f5c77448,0x00000000fb280000)
  to   space 103936K, 0% used [0x00000000ee780000,0x00000000ee780000,0x00000000f4d00000)
 ParOldGen       total 1347584K, used 1203371K [0x0000000084a00000, 0x00000000d6e00000, 0x00000000d6e00000)
  object space 1347584K, 89% used [0x0000000084a00000,0x00000000ce12ad50,0x00000000d6e00000)
 Metaspace       used 71534K, capacity 72456K, committed 72704K, reserved 1112064K
  class space    used 10456K, capacity 10669K, committed 10752K, reserved 1048576K
}
Event: 144.485 GC heap before
{Heap before GC invocations=87 (full 10):
 PSYoungGen      total 482304K, used 394205K [0x00000000d6e00000, 0x00000000fb280000, 0x0000000100000000)
  eden space 386560K, 100% used [0x00000000d6e00000,0x00000000ee780000,0x00000000ee780000)
  from space 95744K, 7% used [0x00000000f5500000,0x00000000f5c77448,0x00000000fb280000)
  to   space 103936K, 0% used [0x00000000ee780000,0x00000000ee780000,0x00000000f4d00000)
 ParOldGen       total 1347584K, used 1203371K [0x0000000084a00000, 0x00000000d6e00000, 0x00000000d6e00000)
  object space 1347584K, 89% used [0x0000000084a00000,0x00000000ce12ad50,0x00000000d6e00000)
 Metaspace       used 71554K, capacity 72456K, committed 72704K, reserved 1112064K
  class space    used 10458K, capacity 10669K, committed 10752K, reserved 1048576K

