# JRE version: Java(TM) SE Runtime Environment (8.0_181-b13) (build 1.8.0_181-b13)
# Java VM: Java HotSpot(TM) 64-Bit Server VM (25.181-b13 mixed mode linux-amd64 compressed oops)
Heap:
 PSYoungGen      total 628224K, used 0K [0x00000000d6e00000, 0x0000000100000000, 0x0000000100000000)
  eden space 582656K, 0% used [0x00000000d6e00000,0x00000000d6e00000,0x00000000fa700000)
  from space 45568K, 0% used [0x00000000fa700000,0x00000000fa700000,0x00000000fd380000)
  to   space 44544K, 0% used [0x00000000fd480000,0x00000000fd480000,0x0000000100000000)
 ParOldGen       total 500224K, used 105391K [0x0000000084a00000, 0x00000000a3280000, 0x00000000d6e00000)
  object space 500224K, 21% used [0x0000000084a00000,0x000000008b0ebe60,0x00000000a3280000)
 Metaspace       used 78538K, capacity 79414K, committed 79704K, reserved 1118208K
  class space    used 10880K, capacity 11073K, committed 11136K, reserved 1048576K
GC Heap History (10 events):
Event: 299.214 GC heap after
Heap after GC invocations=544 (full 15):
 PSYoungGen      total 643584K, used 5394K [0x00000000d6e00000, 0x0000000100000000, 0x0000000100000000)
  eden space 617984K, 0% used [0x00000000d6e00000,0x00000000d6e00000,0x00000000fc980000)
  from space 25600K, 21% used [0x00000000fc980000,0x00000000fcec4998,0x00000000fe280000)
  to   space 24064K, 0% used [0x00000000fe880000,0x00000000fe880000,0x0000000100000000)
 ParOldGen       total 500224K, used 388331K [0x0000000084a00000, 0x00000000a3280000, 0x00000000d6e00000)
  object space 500224K, 77% used [0x0000000084a00000,0x000000009c53adf0,0x00000000a3280000)
 Metaspace       used 78549K, capacity 79432K, committed 79704K, reserved 1118208K
  class space    used 10882K, capacity 11076K, committed 11136K, reserved 1048576K
}
Event: 299.842 GC heap before
{Heap before GC invocations=545 (full 15):
 PSYoungGen      total 643584K, used 623378K [0x00000000d6e00000, 0x0000000100000000, 0x0000000100000000)
  eden space 617984K, 100% used [0x00000000d6e00000,0x00000000fc980000,0x00000000fc980000)
  from space 25600K, 21% used [0x00000000fc980000,0x00000000fcec4998,0x00000000fe280000)
  to   space 24064K, 0% used [0x00000000fe880000,0x00000000fe880000,0x0000000100000000)
 ParOldGen       total 500224K, used 388331K [0x0000000084a00000, 0x00000000a3280000, 0x00000000d6e00000)
  object space 500224K, 77% used [0x0000000084a00000,0x000000009c53adf0,0x00000000a3280000)
 Metaspace       used 78549K, capacity 79432K, committed 79704K, reserved 1118208K
  class space    used 10882K, capacity 11076K, committed 11136K, reserved 1048576K
Event: 299.848 GC heap after
Heap after GC invocations=545 (full 15):
 PSYoungGen      total 643584K, used 4911K [0x00000000d6e00000, 0x00000000ffb80000, 0x0000000100000000)
  eden space 624128K, 0% used [0x00000000d6e00000,0x00000000d6e00000,0x00000000fcf80000)
  from space 19456K, 25% used [0x00000000fe880000,0x00000000fed4bd68,0x00000000ffb80000)
  to   space 22528K, 0% used [0x00000000fcf80000,0x00000000fcf80000,0x00000000fe580000)
 ParOldGen       total 500224K, used 392730K [0x0000000084a00000, 0x00000000a3280000, 0x00000000d6e00000)
  object space 500224K, 78% used [0x0000000084a00000,0x000000009c9868a0,0x00000000a3280000)
 Metaspace       used 78549K, capacity 79432K, committed 79704K, reserved 1118208K
  class space    used 10882K, capacity 11076K, committed 11136K, reserved 1048576K
}
Event: 300.477 GC heap before
{Heap before GC invocations=546 (full 15):
 PSYoungGen      total 643584K, used 629039K [0x00000000d6e00000, 0x00000000ffb80000, 0x0000000100000000)
  eden space 624128K, 100% used [0x00000000d6e00000,0x00000000fcf80000,0x00000000fcf80000)
  from space 19456K, 25% used [0x00000000fe880000,0x00000000fed4bd68,0x00000000ffb80000)
  to   space 22528K, 0% used [0x00000000fcf80000,0x00000000fcf80000,0x00000000fe580000)
 ParOldGen       total 500224K, used 392730K [0x0000000084a00000, 0x00000000a3280000, 0x00000000d6e00000)
  object space 500224K, 78% used [0x0000000084a00000,0x000000009c9868a0,0x00000000a3280000)
 Metaspace       used 78549K, capacity 79432K, committed 79704K, reserved 1118208K
  class space    used 10882K, capacity 11076K, committed 11136K, reserved 1048576K
Event: 300.481 GC heap after
Heap after GC invocations=546 (full 15):
 PSYoungGen      total 646656K, used 4927K [0x00000000d6e00000, 0x0000000100000000, 0x0000000100000000)
  eden space 624128K, 0% used [0x00000000d6e00000,0x00000000d6e00000,0x00000000fcf80000)
  from space 22528K, 21% used [0x00000000fcf80000,0x00000000fd44fc10,0x00000000fe580000)
  to   space 21504K, 0% used [0x00000000feb00000,0x00000000feb00000,0x0000000100000000)
 ParOldGen       total 500224K, used 397153K [0x0000000084a00000, 0x00000000a3280000, 0x00000000d6e00000)
  object space 500224K, 79% used [0x0000000084a00000,0x000000009cdd8718,0x00000000a3280000)
 Metaspace       used 78549K, capacity 79432K, committed 79704K, reserved 1118208K
  class space    used 10882K, capacity 11076K, committed 11136K, reserved 1048576K
}
Event: 300.962 GC heap before
{Heap before GC invocations=547 (full 15):
 PSYoungGen      total 646656K, used 629055K [0x00000000d6e00000, 0x0000000100000000, 0x0000000100000000)
  eden space 624128K, 100% used [0x00000000d6e00000,0x00000000fcf80000,0x00000000fcf80000)
  from space 22528K, 21% used [0x00000000fcf80000,0x00000000fd44fc10,0x00000000fe580000)
  to   space 21504K, 0% used [0x00000000feb00000,0x00000000feb00000,0x0000000100000000)
 ParOldGen       total 500224K, used 397153K [0x0000000084a00000, 0x00000000a3280000, 0x00000000d6e00000)
  object space 500224K, 79% used [0x0000000084a00000,0x000000009cdd8718,0x00000000a3280000)
 Metaspace       used 78549K, capacity 79432K, committed 79704K, reserved 1118208K
  class space    used 10882K, capacity 11076K, committed 11136K, reserved 1048576K
Event: 300.981 GC heap after
Heap after GC invocations=547 (full 15):
 PSYoungGen      total 604160K, used 21499K [0x00000000d6e00000, 0x0000000100000000, 0x0000000100000000)
  eden space 582656K, 0% used [0x00000000d6e00000,0x00000000d6e00000,0x00000000fa700000)
  from space 21504K, 99% used [0x00000000feb00000,0x00000000ffffee80,0x0000000100000000)
  to   space 45568K, 0% used [0x00000000fa700000,0x00000000fa700000,0x00000000fd380000)
 ParOldGen       total 500224K, used 451457K [0x0000000084a00000, 0x00000000a3280000, 0x00000000d6e00000)
  object space 500224K, 90% used [0x0000000084a00000,0x00000000a02e0628,0x00000000a3280000)
 Metaspace       used 78549K, capacity 79432K, committed 79704K, reserved 1118208K
  class space    used 10882K, capacity 11076K, committed 11136K, reserved 1048576K
}
Event: 301.480 GC heap before
{Heap before GC invocations=548 (full 15):
 PSYoungGen      total 604160K, used 604155K [0x00000000d6e00000, 0x0000000100000000, 0x0000000100000000)
  eden space 582656K, 100% used [0x00000000d6e00000,0x00000000fa700000,0x00000000fa700000)
  from space 21504K, 99% used [0x00000000feb00000,0x00000000ffffee80,0x0000000100000000)
  to   space 45568K, 0% used [0x00000000fa700000,0x00000000fa700000,0x00000000fd380000)
 ParOldGen       total 500224K, used 451457K [0x0000000084a00000, 0x00000000a3280000, 0x00000000d6e00000)
  object space 500224K, 90% used [0x0000000084a00000,0x00000000a02e0628,0x00000000a3280000)
 Metaspace       used 78549K, capacity 79432K, committed 79704K, reserved 1118208K
  class space    used 10882K, capacity 11076K, committed 11136K, reserved 1048576K
Event: 301.575 GC heap after
Heap after GC invocations=548 (full 15):
 PSYoungGen      total 628224K, used 608K [0x00000000d6e00000, 0x0000000100000000, 0x0000000100000000)
  eden space 582656K, 0% used [0x00000000d6e00000,0x00000000d6e00000,0x00000000fa700000)
  from space 45568K, 1% used [0x00000000fa700000,0x00000000fa798010,0x00000000fd380000)
  to   space 44544K, 0% used [0x00000000fd480000,0x00000000fd480000,0x0000000100000000)
 ParOldGen       total 500224K, used 470972K [0x0000000084a00000, 0x00000000a3280000, 0x00000000d6e00000)
  object space 500224K, 94% used [0x0000000084a00000,0x00000000a15ef190,0x00000000a3280000)
 Metaspace       used 78549K, capacity 79432K, committed 79704K, reserved 1118208K
  class space    used 10882K, capacity 11076K, committed 11136K, reserved 1048576K
}
Event: 301.838 GC heap before
{Heap before GC invocations=549 (full 16):
 PSYoungGen      total 628224K, used 608K [0x00000000d6e00000, 0x0000000100000000, 0x0000000100000000)
  eden space 582656K, 0% used [0x00000000d6e00000,0x00000000d6e00000,0x00000000fa700000)
  from space 45568K, 1% used [0x00000000fa700000,0x00000000fa798010,0x00000000fd380000)
  to   space 44544K, 0% used [0x00000000fd480000,0x00000000fd480000,0x0000000100000000)
 ParOldGen       total 500224K, used 470972K [0x0000000084a00000, 0x00000000a3280000, 0x00000000d6e00000)
  object space 500224K, 94% used [0x0000000084a00000,0x00000000a15ef190,0x00000000a3280000)
 Metaspace       used 78549K, capacity 79432K, committed 79704K, reserved 1118208K
  class space    used 10882K, capacity 11076K, committed 11136K, reserved 1048576K

