# JRE version: Java(TM) SE Runtime Environment (8.0_181-b13) (build 1.8.0_181-b13)
# Java VM: Java HotSpot(TM) 64-Bit Server VM (25.181-b13 mixed mode linux-amd64 compressed oops)
Heap:
 PSYoungGen      total 600064K, used 0K [0x00000000d6e00000, 0x0000000100000000, 0x0000000100000000)
  eden space 574464K, 0% used [0x00000000d6e00000,0x00000000d6e00000,0x00000000f9f00000)
  from space 25600K, 0% used [0x00000000fe700000,0x00000000fe700000,0x0000000100000000)
  to   space 49664K, 0% used [0x00000000f9f00000,0x00000000f9f00000,0x00000000fcf80000)
 ParOldGen       total 546304K, used 105801K [0x0000000084a00000, 0x00000000a5f80000, 0x00000000d6e00000)
  object space 546304K, 19% used [0x0000000084a00000,0x000000008b152410,0x00000000a5f80000)
 Metaspace       used 79126K, capacity 79990K, committed 80216K, reserved 1118208K
  class space    used 10882K, capacity 11073K, committed 11136K, reserved 1048576K
GC Heap History (10 events):
Event: 611.807 GC heap after
Heap after GC invocations=917 (full 23):
 PSYoungGen      total 634368K, used 5067K [0x00000000d6e00000, 0x00000000ffa80000, 0x0000000100000000)
  eden space 607744K, 0% used [0x00000000d6e00000,0x00000000d6e00000,0x00000000fbf80000)
  from space 26624K, 19% used [0x00000000fe080000,0x00000000fe572c58,0x00000000ffa80000)
  to   space 30208K, 0% used [0x00000000fbf80000,0x00000000fbf80000,0x00000000fdd00000)
 ParOldGen       total 546304K, used 447453K [0x0000000084a00000, 0x00000000a5f80000, 0x00000000d6e00000)
  object space 546304K, 81% used [0x0000000084a00000,0x000000009fef7470,0x00000000a5f80000)
 Metaspace       used 79135K, capacity 80008K, committed 80216K, reserved 1118208K
  class space    used 10884K, capacity 11076K, committed 11136K, reserved 1048576K
}
Event: 616.791 GC heap before
{Heap before GC invocations=918 (full 23):
 PSYoungGen      total 634368K, used 612811K [0x00000000d6e00000, 0x00000000ffa80000, 0x0000000100000000)
  eden space 607744K, 100% used [0x00000000d6e00000,0x00000000fbf80000,0x00000000fbf80000)
  from space 26624K, 19% used [0x00000000fe080000,0x00000000fe572c58,0x00000000ffa80000)
  to   space 30208K, 0% used [0x00000000fbf80000,0x00000000fbf80000,0x00000000fdd00000)
 ParOldGen       total 546304K, used 447453K [0x0000000084a00000, 0x00000000a5f80000, 0x00000000d6e00000)
  object space 546304K, 81% used [0x0000000084a00000,0x000000009fef7470,0x00000000a5f80000)
 Metaspace       used 79137K, capacity 80008K, committed 80216K, reserved 1118208K
  class space    used 10884K, capacity 11076K, committed 11136K, reserved 1048576K
Event: 616.913 GC heap after
Heap after GC invocations=918 (full 23):
 PSYoungGen      total 637952K, used 4971K [0x00000000d6e00000, 0x0000000100000000, 0x0000000100000000)
  eden space 607744K, 0% used [0x00000000d6e00000,0x00000000d6e00000,0x00000000fbf80000)
  from space 30208K, 16% used [0x00000000fbf80000,0x00000000fc45ad10,0x00000000fdd00000)
  to   space 28672K, 0% used [0x00000000fe400000,0x00000000fe400000,0x0000000100000000)
 ParOldGen       total 546304K, used 451790K [0x0000000084a00000, 0x00000000a5f80000, 0x00000000d6e00000)
  object space 546304K, 82% used [0x0000000084a00000,0x00000000a0333860,0x00000000a5f80000)
 Metaspace       used 79137K, capacity 80008K, committed 80216K, reserved 1118208K
  class space    used 10884K, capacity 11076K, committed 11136K, reserved 1048576K
}
Event: 619.880 GC heap before
{Heap before GC invocations=919 (full 23):
 PSYoungGen      total 637952K, used 612715K [0x00000000d6e00000, 0x0000000100000000, 0x0000000100000000)
  eden space 607744K, 100% used [0x00000000d6e00000,0x00000000fbf80000,0x00000000fbf80000)
  from space 30208K, 16% used [0x00000000fbf80000,0x00000000fc45ad10,0x00000000fdd00000)
  to   space 28672K, 0% used [0x00000000fe400000,0x00000000fe400000,0x0000000100000000)
 ParOldGen       total 546304K, used 451790K [0x0000000084a00000, 0x00000000a5f80000, 0x00000000d6e00000)
  object space 546304K, 82% used [0x0000000084a00000,0x00000000a0333860,0x00000000a5f80000)
 Metaspace       used 79137K, capacity 80008K, committed 80216K, reserved 1118208K
  class space    used 10884K, capacity 11076K, committed 11136K, reserved 1048576K
Event: 620.171 GC heap after
Heap after GC invocations=919 (full 23):
 PSYoungGen      total 638976K, used 4890K [0x00000000d6e00000, 0x00000000ffb80000, 0x0000000100000000)
  eden space 614912K, 0% used [0x00000000d6e00000,0x00000000d6e00000,0x00000000fc680000)
  from space 24064K, 20% used [0x00000000fe400000,0x00000000fe8c6a98,0x00000000ffb80000)
  to   space 27136K, 0% used [0x00000000fc680000,0x00000000fc680000,0x00000000fe100000)
 ParOldGen       total 546304K, used 456145K [0x0000000084a00000, 0x00000000a5f80000, 0x00000000d6e00000)
  object space 546304K, 83% used [0x0000000084a00000,0x00000000a0774540,0x00000000a5f80000)
 Metaspace       used 79137K, capacity 80008K, committed 80216K, reserved 1118208K
  class space    used 10884K, capacity 11076K, committed 11136K, reserved 1048576K
}
Event: 639.216 GC heap before
{Heap before GC invocations=920 (full 23):
 PSYoungGen      total 638976K, used 619802K [0x00000000d6e00000, 0x00000000ffb80000, 0x0000000100000000)
  eden space 614912K, 100% used [0x00000000d6e00000,0x00000000fc680000,0x00000000fc680000)
  from space 24064K, 20% used [0x00000000fe400000,0x00000000fe8c6a98,0x00000000ffb80000)
  to   space 27136K, 0% used [0x00000000fc680000,0x00000000fc680000,0x00000000fe100000)
 ParOldGen       total 546304K, used 456145K [0x0000000084a00000, 0x00000000a5f80000, 0x00000000d6e00000)
  object space 546304K, 83% used [0x0000000084a00000,0x00000000a0774540,0x00000000a5f80000)
 Metaspace       used 79137K, capacity 80008K, committed 80216K, reserved 1118208K
  class space    used 10884K, capacity 11076K, committed 11136K, reserved 1048576K
Event: 640.842 GC heap after
Heap after GC invocations=920 (full 23):
 PSYoungGen      total 642048K, used 5091K [0x00000000d6e00000, 0x0000000100000000, 0x0000000100000000)
  eden space 614912K, 0% used [0x00000000d6e00000,0x00000000d6e00000,0x00000000fc680000)
  from space 27136K, 18% used [0x00000000fc680000,0x00000000fcb78e98,0x00000000fe100000)
  to   space 25600K, 0% used [0x00000000fe700000,0x00000000fe700000,0x0000000100000000)
 ParOldGen       total 546304K, used 460485K [0x0000000084a00000, 0x00000000a5f80000, 0x00000000d6e00000)
  object space 546304K, 84% used [0x0000000084a00000,0x00000000a0bb1608,0x00000000a5f80000)
 Metaspace       used 79137K, capacity 80008K, committed 80216K, reserved 1118208K
  class space    used 10884K, capacity 11076K, committed 11136K, reserved 1048576K
}
Event: 643.399 GC heap before
{Heap before GC invocations=921 (full 23):
 PSYoungGen      total 642048K, used 620003K [0x00000000d6e00000, 0x0000000100000000, 0x0000000100000000)
  eden space 614912K, 100% used [0x00000000d6e00000,0x00000000fc680000,0x00000000fc680000)
  from space 27136K, 18% used [0x00000000fc680000,0x00000000fcb78e98,0x00000000fe100000)
  to   space 25600K, 0% used [0x00000000fe700000,0x00000000fe700000,0x0000000100000000)
 ParOldGen       total 546304K, used 460485K [0x0000000084a00000, 0x00000000a5f80000, 0x00000000d6e00000)
  object space 546304K, 84% used [0x0000000084a00000,0x00000000a0bb1608,0x00000000a5f80000)
 Metaspace       used 79137K, capacity 80008K, committed 80216K, reserved 1118208K
  class space    used 10884K, capacity 11076K, committed 11136K, reserved 1048576K
Event: 647.428 GC heap after
Heap after GC invocations=921 (full 23):
 PSYoungGen      total 600064K, used 25572K [0x00000000d6e00000, 0x0000000100000000, 0x0000000100000000)
  eden space 574464K, 0% used [0x00000000d6e00000,0x00000000d6e00000,0x00000000f9f00000)
  from space 25600K, 99% used [0x00000000fe700000,0x00000000ffff9260,0x0000000100000000)
  to   space 49664K, 0% used [0x00000000f9f00000,0x00000000f9f00000,0x00000000fcf80000)
 ParOldGen       total 546304K, used 512181K [0x0000000084a00000, 0x00000000a5f80000, 0x00000000d6e00000)
  object space 546304K, 93% used [0x0000000084a00000,0x00000000a3e2d500,0x00000000a5f80000)
 Metaspace       used 79137K, capacity 80008K, committed 80216K, reserved 1118208K
  class space    used 10884K, capacity 11076K, committed 11136K, reserved 1048576K
}
Event: 648.424 GC heap before
{Heap before GC invocations=922 (full 24):
 PSYoungGen      total 600064K, used 25572K [0x00000000d6e00000, 0x0000000100000000, 0x0000000100000000)
  eden space 574464K, 0% used [0x00000000d6e00000,0x00000000d6e00000,0x00000000f9f00000)
  from space 25600K, 99% used [0x00000000fe700000,0x00000000ffff9260,0x0000000100000000)
  to   space 49664K, 0% used [0x00000000f9f00000,0x00000000f9f00000,0x00000000fcf80000)
 ParOldGen       total 546304K, used 512181K [0x0000000084a00000, 0x00000000a5f80000, 0x00000000d6e00000)
  object space 546304K, 93% used [0x0000000084a00000,0x00000000a3e2d500,0x00000000a5f80000)
 Metaspace       used 79137K, capacity 80008K, committed 80216K, reserved 1118208K
  class space    used 10884K, capacity 11076K, committed 11136K, reserved 1048576K

