# JRE version: Java(TM) SE Runtime Environment (8.0_181-b13) (build 1.8.0_181-b13)
# Java VM: Java HotSpot(TM) 64-Bit Server VM (25.181-b13 mixed mode linux-amd64 compressed oops)
Heap:
 PSYoungGen      total 449536K, used 14593K [0x00000000d6e00000, 0x0000000100000000, 0x0000000100000000)
  eden space 225280K, 0% used [0x00000000d6e00000,0x00000000d6e00000,0x00000000e4a00000)
  from space 224256K, 6% used [0x00000000f2500000,0x00000000f33404c8,0x0000000100000000)
  to   space 224256K, 0% used [0x00000000e4a00000,0x00000000e4a00000,0x00000000f2500000)
 ParOldGen       total 1061376K, used 1061241K [0x0000000084a00000, 0x00000000c5680000, 0x00000000d6e00000)
  object space 1061376K, 99% used [0x0000000084a00000,0x00000000c565e4a8,0x00000000c5680000)
 Metaspace       used 71461K, capacity 72382K, committed 72704K, reserved 1112064K
  class space    used 10452K, capacity 10668K, committed 10752K, reserved 1048576K
GC Heap History (10 events):
Event: 27.419 GC heap after
Heap after GC invocations=50 (full 8):
 PSYoungGen      total 490496K, used 14172K [0x00000000d6e00000, 0x00000000ff880000, 0x0000000100000000)
  eden space 323072K, 0% used [0x00000000d6e00000,0x00000000d6e00000,0x00000000ea980000)
  from space 167424K, 8% used [0x00000000f5500000,0x00000000f62d7060,0x00000000ff880000)
  to   space 171520K, 0% used [0x00000000ea980000,0x00000000ea980000,0x00000000f5100000)
 ParOldGen       total 1061376K, used 855658K [0x0000000084a00000, 0x00000000c5680000, 0x00000000d6e00000)
  object space 1061376K, 80% used [0x0000000084a00000,0x00000000b8d9a9b0,0x00000000c5680000)
 Metaspace       used 71458K, capacity 72350K, committed 72704K, reserved 1112064K
  class space    used 10451K, capacity 10636K, committed 10752K, reserved 1048576K
}
Event: 27.579 GC heap before
{Heap before GC invocations=51 (full 8):
 PSYoungGen      total 490496K, used 337244K [0x00000000d6e00000, 0x00000000ff880000, 0x0000000100000000)
  eden space 323072K, 100% used [0x00000000d6e00000,0x00000000ea980000,0x00000000ea980000)
  from space 167424K, 8% used [0x00000000f5500000,0x00000000f62d7060,0x00000000ff880000)
  to   space 171520K, 0% used [0x00000000ea980000,0x00000000ea980000,0x00000000f5100000)
 ParOldGen       total 1061376K, used 855658K [0x0000000084a00000, 0x00000000c5680000, 0x00000000d6e00000)
  object space 1061376K, 80% used [0x0000000084a00000,0x00000000b8d9a9b0,0x00000000c5680000)
 Metaspace       used 71461K, capacity 72382K, committed 72704K, reserved 1112064K
  class space    used 10452K, capacity 10668K, committed 10752K, reserved 1048576K
Event: 27.615 GC heap after
Heap after GC invocations=51 (full 8):
 PSYoungGen      total 437248K, used 113859K [0x00000000d6e00000, 0x0000000100000000, 0x0000000100000000)
  eden space 323072K, 0% used [0x00000000d6e00000,0x00000000d6e00000,0x00000000ea980000)
  from space 114176K, 99% used [0x00000000ea980000,0x00000000f18b0ca0,0x00000000f1900000)
  to   space 181248K, 0% used [0x00000000f4f00000,0x00000000f4f00000,0x0000000100000000)
 ParOldGen       total 1061376K, used 855658K [0x0000000084a00000, 0x00000000c5680000, 0x00000000d6e00000)
  object space 1061376K, 80% used [0x0000000084a00000,0x00000000b8d9a9b0,0x00000000c5680000)
 Metaspace       used 71461K, capacity 72382K, committed 72704K, reserved 1112064K
  class space    used 10452K, capacity 10668K, committed 10752K, reserved 1048576K
}
Event: 27.856 GC heap before
{Heap before GC invocations=52 (full 8):
 PSYoungGen      total 437248K, used 436931K [0x00000000d6e00000, 0x0000000100000000, 0x0000000100000000)
  eden space 323072K, 100% used [0x00000000d6e00000,0x00000000ea980000,0x00000000ea980000)
  from space 114176K, 99% used [0x00000000ea980000,0x00000000f18b0ca0,0x00000000f1900000)
  to   space 181248K, 0% used [0x00000000f4f00000,0x00000000f4f00000,0x0000000100000000)
 ParOldGen       total 1061376K, used 855658K [0x0000000084a00000, 0x00000000c5680000, 0x00000000d6e00000)
  object space 1061376K, 80% used [0x0000000084a00000,0x00000000b8d9a9b0,0x00000000c5680000)
 Metaspace       used 71461K, capacity 72382K, committed 72704K, reserved 1112064K
  class space    used 10452K, capacity 10668K, committed 10752K, reserved 1048576K
Event: 27.971 GC heap after
Heap after GC invocations=52 (full 8):
 PSYoungGen      total 406528K, used 181223K [0x00000000d6e00000, 0x0000000100000000, 0x0000000100000000)
  eden space 225280K, 0% used [0x00000000d6e00000,0x00000000d6e00000,0x00000000e4a00000)
  from space 181248K, 99% used [0x00000000f4f00000,0x00000000ffff9e50,0x0000000100000000)
  to   space 224256K, 0% used [0x00000000e4a00000,0x00000000e4a00000,0x00000000f2500000)
 ParOldGen       total 1061376K, used 902305K [0x0000000084a00000, 0x00000000c5680000, 0x00000000d6e00000)
  object space 1061376K, 85% used [0x0000000084a00000,0x00000000bbb287b0,0x00000000c5680000)
 Metaspace       used 71461K, capacity 72382K, committed 72704K, reserved 1112064K
  class space    used 10452K, capacity 10668K, committed 10752K, reserved 1048576K
}
Event: 28.442 GC heap before
{Heap before GC invocations=53 (full 8):
 PSYoungGen      total 406528K, used 406503K [0x00000000d6e00000, 0x0000000100000000, 0x0000000100000000)
  eden space 225280K, 100% used [0x00000000d6e00000,0x00000000e4a00000,0x00000000e4a00000)
  from space 181248K, 99% used [0x00000000f4f00000,0x00000000ffff9e50,0x0000000100000000)
  to   space 224256K, 0% used [0x00000000e4a00000,0x00000000e4a00000,0x00000000f2500000)
 ParOldGen       total 1061376K, used 902305K [0x0000000084a00000, 0x00000000c5680000, 0x00000000d6e00000)
  object space 1061376K, 85% used [0x0000000084a00000,0x00000000bbb287b0,0x00000000c5680000)
 Metaspace       used 71461K, capacity 72382K, committed 72704K, reserved 1112064K
  class space    used 10452K, capacity 10668K, committed 10752K, reserved 1048576K
Event: 28.506 GC heap after
Heap after GC invocations=53 (full 8):
 PSYoungGen      total 449536K, used 206825K [0x00000000d6e00000, 0x0000000100000000, 0x0000000100000000)
  eden space 225280K, 0% used [0x00000000d6e00000,0x00000000d6e00000,0x00000000e4a00000)
  from space 224256K, 92% used [0x00000000e4a00000,0x00000000f13fa7d8,0x00000000f2500000)
  to   space 224256K, 0% used [0x00000000f2500000,0x00000000f2500000,0x0000000100000000)
 ParOldGen       total 1061376K, used 903792K [0x0000000084a00000, 0x00000000c5680000, 0x00000000d6e00000)
  object space 1061376K, 85% used [0x0000000084a00000,0x00000000bbc9c3c8,0x00000000c5680000)
 Metaspace       used 71461K, capacity 72382K, committed 72704K, reserved 1112064K
  class space    used 10452K, capacity 10668K, committed 10752K, reserved 1048576K
}
Event: 28.638 GC heap before
{Heap before GC invocations=54 (full 8):
 PSYoungGen      total 449536K, used 432105K [0x00000000d6e00000, 0x0000000100000000, 0x0000000100000000)
  eden space 225280K, 100% used [0x00000000d6e00000,0x00000000e4a00000,0x00000000e4a00000)
  from space 224256K, 92% used [0x00000000e4a00000,0x00000000f13fa7d8,0x00000000f2500000)
  to   space 224256K, 0% used [0x00000000f2500000,0x00000000f2500000,0x0000000100000000)
 ParOldGen       total 1061376K, used 903792K [0x0000000084a00000, 0x00000000c5680000, 0x00000000d6e00000)
  object space 1061376K, 85% used [0x0000000084a00000,0x00000000bbc9c3c8,0x00000000c5680000)
 Metaspace       used 71461K, capacity 72382K, committed 72704K, reserved 1112064K
  class space    used 10452K, capacity 10668K, committed 10752K, reserved 1048576K
Event: 28.747 GC heap after
Heap after GC invocations=54 (full 8):
 PSYoungGen      total 449536K, used 159759K [0x00000000d6e00000, 0x0000000100000000, 0x0000000100000000)
  eden space 225280K, 0% used [0x00000000d6e00000,0x00000000d6e00000,0x00000000e4a00000)
  from space 224256K, 71% used [0x00000000f2500000,0x00000000fc103d28,0x0000000100000000)
  to   space 224256K, 0% used [0x00000000e4a00000,0x00000000e4a00000,0x00000000f2500000)
 ParOldGen       total 1061376K, used 991724K [0x0000000084a00000, 0x00000000c5680000, 0x00000000d6e00000)
  object space 1061376K, 93% used [0x0000000084a00000,0x00000000c127b0c0,0x00000000c5680000)
 Metaspace       used 71461K, capacity 72382K, committed 72704K, reserved 1112064K
  class space    used 10452K, capacity 10668K, committed 10752K, reserved 1048576K
}
Event: 28.747 GC heap before
{Heap before GC invocations=55 (full 9):
 PSYoungGen      total 449536K, used 159759K [0x00000000d6e00000, 0x0000000100000000, 0x0000000100000000)
  eden space 225280K, 0% used [0x00000000d6e00000,0x00000000d6e00000,0x00000000e4a00000)
  from space 224256K, 71% used [0x00000000f2500000,0x00000000fc103d28,0x0000000100000000)
  to   space 224256K, 0% used [0x00000000e4a00000,0x00000000e4a00000,0x00000000f2500000)
 ParOldGen       total 1061376K, used 991724K [0x0000000084a00000, 0x00000000c5680000, 0x00000000d6e00000)
  object space 1061376K, 93% used [0x0000000084a00000,0x00000000c127b0c0,0x00000000c5680000)
 Metaspace       used 71461K, capacity 72382K, committed 72704K, reserved 1112064K
  class space    used 10452K, capacity 10668K, committed 10752K, reserved 1048576K

